# JRE version: OpenJDK Runtime Environment Corretto-16.0.2.7.1 (16.0.2+7) (build 16.0.2+7)
# Java VM: OpenJDK 64-Bit Server VM Corretto-16.0.2.7.1 (16.0.2+7, mixed mode, sharing, tiered, compressed oops, compressed class ptrs, g1 gc, windows-amd64)
GC Precious Log:
 CPUs: 4 total, 4 available
 Memory: 8058M
 Large Page Support: Disabled
 NUMA Support: Disabled
 Compressed Oops: Enabled (32-bit)
 Heap Region Size: 1M
 Heap Min Capacity: 8M
 Heap Initial Capacity: 126M
 Heap Max Capacity: 2016M
 Pre-touch: Disabled
 Parallel Workers: 4
 Concurrent Workers: 1
 Concurrent Refinement Workers: 4
 Periodic GC: Disabled
Heap:
 garbage-first heap   total 55296K, used 16417K [0x0000000082000000, 0x0000000100000000)
  region size 1024K, 9 young (9216K), 1 survivors (1024K)
 Metaspace       used 23326K, committed 23680K, reserved 1073152K
  class space    used 2305K, committed 2496K, reserved 1048576K
GC Heap History (20 events):
Event: 20.947 GC heap before
{Heap before GC invocations=58 (full 0):
 garbage-first heap   total 55296K, used 40983K [0x0000000082000000, 0x0000000100000000)
  region size 1024K, 32 young (32768K), 1 survivors (1024K)
 Metaspace       used 23155K, committed 23552K, reserved 1073152K
  class space    used 2300K, committed 2496K, reserved 1048576K
}
Event: 20.948 GC heap after
{Heap after GC invocations=59 (full 0):
 garbage-first heap   total 55296K, used 9235K [0x0000000082000000, 0x0000000100000000)
  region size 1024K, 1 young (1024K), 1 survivors (1024K)
 Metaspace       used 23155K, committed 23552K, reserved 1073152K
  class space    used 2300K, committed 2496K, reserved 1048576K
}
Event: 21.058 GC heap before
{Heap before GC invocations=59 (full 0):
 garbage-first heap   total 55296K, used 40979K [0x0000000082000000, 0x0000000100000000)
  region size 1024K, 32 young (32768K), 1 survivors (1024K)
 Metaspace       used 23155K, committed 23552K, reserved 1073152K
  class space    used 2300K, committed 2496K, reserved 1048576K
}
Event: 21.059 GC heap after
{Heap after GC invocations=60 (full 0):
 garbage-first heap   total 55296K, used 9237K [0x0000000082000000, 0x0000000100000000)
  region size 1024K, 1 young (1024K), 1 survivors (1024K)
 Metaspace       used 23155K, committed 23552K, reserved 1073152K
  class space    used 2300K, committed 2496K, reserved 1048576K
}
Event: 21.167 GC heap before
{Heap before GC invocations=60 (full 0):
 garbage-first heap   total 55296K, used 40981K [0x0000000082000000, 0x0000000100000000)
  region size 1024K, 32 young (32768K), 1 survivors (1024K)
 Metaspace       used 23155K, committed 23552K, reserved 1073152K
  class space    used 2300K, committed 2496K, reserved 1048576K
}
Event: 21.168 GC heap after
{Heap after GC invocations=61 (full 0):
 garbage-first heap   total 55296K, used 9239K [0x0000000082000000, 0x0000000100000000)
  region size 1024K, 1 young (1024K), 1 survivors (1024K)
 Metaspace       used 23155K, committed 23552K, reserved 1073152K
  class space    used 2300K, committed 2496K, reserved 1048576K
}
Event: 21.306 GC heap before
{Heap before GC invocations=61 (full 0):
 garbage-first heap   total 55296K, used 40983K [0x0000000082000000, 0x0000000100000000)
  region size 1024K, 32 young (32768K), 1 survivors (1024K)
 Metaspace       used 23155K, committed 23552K, reserved 1073152K
  class space    used 2300K, committed 2496K, reserved 1048576K
}
Event: 21.306 GC heap after
{Heap after GC invocations=62 (full 0):
 garbage-first heap   total 55296K, used 9240K [0x0000000082000000, 0x0000000100000000)
  region size 1024K, 1 young (1024K), 1 survivors (1024K)
 Metaspace       used 23155K, committed 23552K, reserved 1073152K
  class space    used 2300K, committed 2496K, reserved 1048576K
}
Event: 21.401 GC heap before
{Heap before GC invocations=62 (full 0):
 garbage-first heap   total 55296K, used 40984K [0x0000000082000000, 0x0000000100000000)
  region size 1024K, 32 young (32768K), 1 survivors (1024K)
 Metaspace       used 23155K, committed 23552K, reserved 1073152K
  class space    used 2300K, committed 2496K, reserved 1048576K
}
Event: 21.402 GC heap after
{Heap after GC invocations=63 (full 0):
 garbage-first heap   total 55296K, used 9240K [0x0000000082000000, 0x0000000100000000)
  region size 1024K, 1 young (1024K), 1 survivors (1024K)
 Metaspace       used 23155K, committed 23552K, reserved 1073152K
  class space    used 2300K, committed 2496K, reserved 1048576K
}
Event: 21.509 GC heap before
{Heap before GC invocations=63 (full 0):
 garbage-first heap   total 55296K, used 40984K [0x0000000082000000, 0x0000000100000000)
  region size 1024K, 32 young (32768K), 1 survivors (1024K)
 Metaspace       used 23159K, committed 23552K, reserved 1073152K
  class space    used 2300K, committed 2496K, reserved 1048576K
}
Event: 21.510 GC heap after
{Heap after GC invocations=64 (full 0):
 garbage-first heap   total 55296K, used 9244K [0x0000000082000000, 0x0000000100000000)
  region size 1024K, 1 young (1024K), 1 survivors (1024K)
 Metaspace       used 23159K, committed 23552K, reserved 1073152K
  class space    used 2300K, committed 2496K, reserved 1048576K
}
Event: 21.612 GC heap before
{Heap before GC invocations=64 (full 0):
 garbage-first heap   total 55296K, used 40988K [0x0000000082000000, 0x0000000100000000)
  region size 1024K, 32 young (32768K), 1 survivors (1024K)
 Metaspace       used 23159K, committed 23552K, reserved 1073152K
  class space    used 2300K, committed 2496K, reserved 1048576K
}
Event: 21.613 GC heap after
{Heap after GC invocations=65 (full 0):
 garbage-first heap   total 55296K, used 9245K [0x0000000082000000, 0x0000000100000000)
  region size 1024K, 1 young (1024K), 1 survivors (1024K)
 Metaspace       used 23159K, committed 23552K, reserved 1073152K
  class space    used 2300K, committed 2496K, reserved 1048576K
}
Event: 21.722 GC heap before
{Heap before GC invocations=65 (full 0):
 garbage-first heap   total 55296K, used 40989K [0x0000000082000000, 0x0000000100000000)
  region size 1024K, 32 young (32768K), 1 survivors (1024K)
 Metaspace       used 23159K, committed 23552K, reserved 1073152K
  class space    used 2300K, committed 2496K, reserved 1048576K
}
Event: 21.723 GC heap after
{Heap after GC invocations=66 (full 0):
 garbage-first heap   total 55296K, used 9245K [0x0000000082000000, 0x0000000100000000)
  region size 1024K, 1 young (1024K), 1 survivors (1024K)
 Metaspace       used 23159K, committed 23552K, reserved 1073152K
  class space    used 2300K, committed 2496K, reserved 1048576K
}
Event: 21.848 GC heap before
{Heap before GC invocations=66 (full 0):
 garbage-first heap   total 55296K, used 40989K [0x0000000082000000, 0x0000000100000000)
  region size 1024K, 32 young (32768K), 1 survivors (1024K)
 Metaspace       used 23167K, committed 23552K, reserved 1073152K
  class space    used 2300K, committed 2496K, reserved 1048576K
}
Event: 21.850 GC heap after
{Heap after GC invocations=67 (full 0):
 garbage-first heap   total 55296K, used 9248K [0x0000000082000000, 0x0000000100000000)
  region size 1024K, 1 young (1024K), 1 survivors (1024K)
 Metaspace       used 23167K, committed 23552K, reserved 1073152K
  class space    used 2300K, committed 2496K, reserved 1048576K
}
Event: 21.967 GC heap before
{Heap before GC invocations=67 (full 0):
 garbage-first heap   total 55296K, used 40992K [0x0000000082000000, 0x0000000100000000)
  region size 1024K, 32 young (32768K), 1 survivors (1024K)
 Metaspace       used 23169K, committed 23616K, reserved 1073152K
  class space    used 2300K, committed 2496K, reserved 1048576K
}
Event: 21.968 GC heap after
{Heap after GC invocations=68 (full 0):
 garbage-first heap   total 55296K, used 9249K [0x0000000082000000, 0x0000000100000000)
  region size 1024K, 1 young (1024K), 1 survivors (1024K)
 Metaspace       used 23169K, committed 23616K, reserved 1073152K
  class space    used 2300K, committed 2496K, reserved 1048576K
}

