# JRE version: OpenJDK Runtime Environment Corretto-16.0.2.7.1 (16.0.2+7) (build 16.0.2+7)
# Java VM: OpenJDK 64-Bit Server VM Corretto-16.0.2.7.1 (16.0.2+7, mixed mode, sharing, tiered, compressed oops, compressed class ptrs, g1 gc, windows-amd64)
GC Precious Log:
 CPUs: 4 total, 4 available
 Memory: 8058M
 Large Page Support: Disabled
 NUMA Support: Disabled
 Compressed Oops: Enabled (32-bit)
 Heap Region Size: 1M
 Heap Min Capacity: 8M
 Heap Initial Capacity: 126M
 Heap Max Capacity: 2016M
 Pre-touch: Disabled
 Parallel Workers: 4
 Concurrent Workers: 1
 Concurrent Refinement Workers: 4
 Periodic GC: Disabled
Heap:
 garbage-first heap   total 66560K, used 47344K [0x0000000082000000, 0x0000000100000000)
  region size 1024K, 39 young (39936K), 1 survivors (1024K)
 Metaspace       used 23272K, committed 23616K, reserved 1073152K
  class space    used 2314K, committed 2496K, reserved 1048576K
GC Heap History (20 events):
Event: 26.514 GC heap before
{Heap before GC invocations=134 (full 0):
 garbage-first heap   total 66560K, used 48360K [0x0000000082000000, 0x0000000100000000)
  region size 1024K, 39 young (39936K), 1 survivors (1024K)
 Metaspace       used 23202K, committed 23552K, reserved 1073152K
  class space    used 2309K, committed 2496K, reserved 1048576K
}
Event: 26.514 GC heap after
{Heap after GC invocations=135 (full 0):
 garbage-first heap   total 66560K, used 9451K [0x0000000082000000, 0x0000000100000000)
  region size 1024K, 1 young (1024K), 1 survivors (1024K)
 Metaspace       used 23202K, committed 23552K, reserved 1073152K
  class space    used 2309K, committed 2496K, reserved 1048576K
}
Event: 26.663 GC heap before
{Heap before GC invocations=135 (full 0):
 garbage-first heap   total 66560K, used 48363K [0x0000000082000000, 0x0000000100000000)
  region size 1024K, 39 young (39936K), 1 survivors (1024K)
 Metaspace       used 23206K, committed 23552K, reserved 1073152K
  class space    used 2309K, committed 2496K, reserved 1048576K
}
Event: 26.665 GC heap after
{Heap after GC invocations=136 (full 0):
 garbage-first heap   total 66560K, used 9451K [0x0000000082000000, 0x0000000100000000)
  region size 1024K, 1 young (1024K), 1 survivors (1024K)
 Metaspace       used 23206K, committed 23552K, reserved 1073152K
  class space    used 2309K, committed 2496K, reserved 1048576K
}
Event: 26.810 GC heap before
{Heap before GC invocations=136 (full 0):
 garbage-first heap   total 66560K, used 48363K [0x0000000082000000, 0x0000000100000000)
  region size 1024K, 39 young (39936K), 1 survivors (1024K)
 Metaspace       used 23212K, committed 23552K, reserved 1073152K
  class space    used 2309K, committed 2496K, reserved 1048576K
}
Event: 26.811 GC heap after
{Heap after GC invocations=137 (full 0):
 garbage-first heap   total 66560K, used 9453K [0x0000000082000000, 0x0000000100000000)
  region size 1024K, 1 young (1024K), 1 survivors (1024K)
 Metaspace       used 23212K, committed 23552K, reserved 1073152K
  class space    used 2309K, committed 2496K, reserved 1048576K
}
Event: 26.953 GC heap before
{Heap before GC invocations=137 (full 0):
 garbage-first heap   total 66560K, used 48365K [0x0000000082000000, 0x0000000100000000)
  region size 1024K, 39 young (39936K), 1 survivors (1024K)
 Metaspace       used 23212K, committed 23552K, reserved 1073152K
  class space    used 2309K, committed 2496K, reserved 1048576K
}
Event: 26.954 GC heap after
{Heap after GC invocations=138 (full 0):
 garbage-first heap   total 66560K, used 9451K [0x0000000082000000, 0x0000000100000000)
  region size 1024K, 1 young (1024K), 1 survivors (1024K)
 Metaspace       used 23212K, committed 23552K, reserved 1073152K
  class space    used 2309K, committed 2496K, reserved 1048576K
}
Event: 27.090 GC heap before
{Heap before GC invocations=138 (full 0):
 garbage-first heap   total 66560K, used 48363K [0x0000000082000000, 0x0000000100000000)
  region size 1024K, 39 young (39936K), 1 survivors (1024K)
 Metaspace       used 23212K, committed 23552K, reserved 1073152K
  class space    used 2309K, committed 2496K, reserved 1048576K
}
Event: 27.091 GC heap after
{Heap after GC invocations=139 (full 0):
 garbage-first heap   total 66560K, used 9457K [0x0000000082000000, 0x0000000100000000)
  region size 1024K, 1 young (1024K), 1 survivors (1024K)
 Metaspace       used 23212K, committed 23552K, reserved 1073152K
  class space    used 2309K, committed 2496K, reserved 1048576K
}
Event: 27.222 GC heap before
{Heap before GC invocations=139 (full 0):
 garbage-first heap   total 66560K, used 48369K [0x0000000082000000, 0x0000000100000000)
  region size 1024K, 39 young (39936K), 1 survivors (1024K)
 Metaspace       used 23212K, committed 23552K, reserved 1073152K
  class space    used 2309K, committed 2496K, reserved 1048576K
}
Event: 27.223 GC heap after
{Heap after GC invocations=140 (full 0):
 garbage-first heap   total 66560K, used 9456K [0x0000000082000000, 0x0000000100000000)
  region size 1024K, 1 young (1024K), 1 survivors (1024K)
 Metaspace       used 23212K, committed 23552K, reserved 1073152K
  class space    used 2309K, committed 2496K, reserved 1048576K
}
Event: 27.360 GC heap before
{Heap before GC invocations=140 (full 0):
 garbage-first heap   total 66560K, used 48368K [0x0000000082000000, 0x0000000100000000)
  region size 1024K, 39 young (39936K), 1 survivors (1024K)
 Metaspace       used 23212K, committed 23552K, reserved 1073152K
  class space    used 2309K, committed 2496K, reserved 1048576K
}
Event: 27.361 GC heap after
{Heap after GC invocations=141 (full 0):
 garbage-first heap   total 66560K, used 9454K [0x0000000082000000, 0x0000000100000000)
  region size 1024K, 1 young (1024K), 1 survivors (1024K)
 Metaspace       used 23212K, committed 23552K, reserved 1073152K
  class space    used 2309K, committed 2496K, reserved 1048576K
}
Event: 27.540 GC heap before
{Heap before GC invocations=141 (full 0):
 garbage-first heap   total 66560K, used 48366K [0x0000000082000000, 0x0000000100000000)
  region size 1024K, 39 young (39936K), 1 survivors (1024K)
 Metaspace       used 23214K, committed 23552K, reserved 1073152K
  class space    used 2309K, committed 2496K, reserved 1048576K
}
Event: 27.541 GC heap after
{Heap after GC invocations=142 (full 0):
 garbage-first heap   total 66560K, used 9458K [0x0000000082000000, 0x0000000100000000)
  region size 1024K, 1 young (1024K), 1 survivors (1024K)
 Metaspace       used 23214K, committed 23552K, reserved 1073152K
  class space    used 2309K, committed 2496K, reserved 1048576K
}
Event: 27.700 GC heap before
{Heap before GC invocations=142 (full 0):
 garbage-first heap   total 66560K, used 48370K [0x0000000082000000, 0x0000000100000000)
  region size 1024K, 39 young (39936K), 1 survivors (1024K)
 Metaspace       used 23217K, committed 23552K, reserved 1073152K
  class space    used 2309K, committed 2496K, reserved 1048576K
}
Event: 27.701 GC heap after
{Heap after GC invocations=143 (full 0):
 garbage-first heap   total 66560K, used 9456K [0x0000000082000000, 0x0000000100000000)
  region size 1024K, 1 young (1024K), 1 survivors (1024K)
 Metaspace       used 23217K, committed 23552K, reserved 1073152K
  class space    used 2309K, committed 2496K, reserved 1048576K
}
Event: 27.846 GC heap before
{Heap before GC invocations=143 (full 0):
 garbage-first heap   total 66560K, used 48368K [0x0000000082000000, 0x0000000100000000)
  region size 1024K, 39 young (39936K), 1 survivors (1024K)
 Metaspace       used 23217K, committed 23552K, reserved 1073152K
  class space    used 2309K, committed 2496K, reserved 1048576K
}
Event: 27.847 GC heap after
{Heap after GC invocations=144 (full 0):
 garbage-first heap   total 66560K, used 9456K [0x0000000082000000, 0x0000000100000000)
  region size 1024K, 1 young (1024K), 1 survivors (1024K)
 Metaspace       used 23217K, committed 23552K, reserved 1073152K
  class space    used 2309K, committed 2496K, reserved 1048576K
}

