# JRE version: OpenJDK Runtime Environment Corretto-16.0.2.7.1 (16.0.2+7) (build 16.0.2+7)
# Java VM: OpenJDK 64-Bit Server VM Corretto-16.0.2.7.1 (16.0.2+7, mixed mode, sharing, tiered, compressed oops, compressed class ptrs, g1 gc, windows-amd64)
GC Precious Log:
 CPUs: 4 total, 4 available
 Memory: 8058M
 Large Page Support: Disabled
 NUMA Support: Disabled
 Compressed Oops: Enabled (32-bit)
 Heap Region Size: 1M
 Heap Min Capacity: 8M
 Heap Initial Capacity: 126M
 Heap Max Capacity: 2016M
 Pre-touch: Disabled
 Parallel Workers: 4
 Concurrent Workers: 1
 Concurrent Refinement Workers: 4
 Periodic GC: Disabled
Heap:
 garbage-first heap   total 55296K, used 33370K [0x0000000082000000, 0x0000000100000000)
  region size 1024K, 26 young (26624K), 1 survivors (1024K)
 Metaspace       used 22343K, committed 22656K, reserved 1073152K
  class space    used 2261K, committed 2432K, reserved 1048576K
GC Heap History (20 events):
Event: 9.283 GC heap before
{Heap before GC invocations=28 (full 0):
 garbage-first heap   total 55296K, used 40516K [0x0000000082000000, 0x0000000100000000)
  region size 1024K, 32 young (32768K), 1 survivors (1024K)
 Metaspace       used 21858K, committed 22208K, reserved 1073152K
  class space    used 2207K, committed 2368K, reserved 1048576K
}
Event: 9.284 GC heap after
{Heap after GC invocations=29 (full 0):
 garbage-first heap   total 55296K, used 8778K [0x0000000082000000, 0x0000000100000000)
  region size 1024K, 1 young (1024K), 1 survivors (1024K)
 Metaspace       used 21858K, committed 22208K, reserved 1073152K
  class space    used 2207K, committed 2368K, reserved 1048576K
}
Event: 9.400 GC heap before
{Heap before GC invocations=29 (full 0):
 garbage-first heap   total 55296K, used 40522K [0x0000000082000000, 0x0000000100000000)
  region size 1024K, 32 young (32768K), 1 survivors (1024K)
 Metaspace       used 21863K, committed 22208K, reserved 1073152K
  class space    used 2207K, committed 2368K, reserved 1048576K
}
Event: 9.401 GC heap after
{Heap after GC invocations=30 (full 0):
 garbage-first heap   total 55296K, used 8783K [0x0000000082000000, 0x0000000100000000)
  region size 1024K, 1 young (1024K), 1 survivors (1024K)
 Metaspace       used 21863K, committed 22208K, reserved 1073152K
  class space    used 2207K, committed 2368K, reserved 1048576K
}
Event: 9.506 GC heap before
{Heap before GC invocations=30 (full 0):
 garbage-first heap   total 55296K, used 40527K [0x0000000082000000, 0x0000000100000000)
  region size 1024K, 32 young (32768K), 1 survivors (1024K)
 Metaspace       used 21864K, committed 22208K, reserved 1073152K
  class space    used 2207K, committed 2368K, reserved 1048576K
}
Event: 9.506 GC heap after
{Heap after GC invocations=31 (full 0):
 garbage-first heap   total 55296K, used 8788K [0x0000000082000000, 0x0000000100000000)
  region size 1024K, 1 young (1024K), 1 survivors (1024K)
 Metaspace       used 21864K, committed 22208K, reserved 1073152K
  class space    used 2207K, committed 2368K, reserved 1048576K
}
Event: 9.670 GC heap before
{Heap before GC invocations=31 (full 0):
 garbage-first heap   total 55296K, used 40532K [0x0000000082000000, 0x0000000100000000)
  region size 1024K, 32 young (32768K), 1 survivors (1024K)
 Metaspace       used 21882K, committed 22272K, reserved 1073152K
  class space    used 2207K, committed 2368K, reserved 1048576K
}
Event: 9.670 GC heap after
{Heap after GC invocations=32 (full 0):
 garbage-first heap   total 55296K, used 8794K [0x0000000082000000, 0x0000000100000000)
  region size 1024K, 1 young (1024K), 1 survivors (1024K)
 Metaspace       used 21882K, committed 22272K, reserved 1073152K
  class space    used 2207K, committed 2368K, reserved 1048576K
}
Event: 9.793 GC heap before
{Heap before GC invocations=32 (full 0):
 garbage-first heap   total 55296K, used 40538K [0x0000000082000000, 0x0000000100000000)
  region size 1024K, 32 young (32768K), 1 survivors (1024K)
 Metaspace       used 21890K, committed 22272K, reserved 1073152K
  class space    used 2207K, committed 2368K, reserved 1048576K
}
Event: 9.794 GC heap after
{Heap after GC invocations=33 (full 0):
 garbage-first heap   total 55296K, used 8794K [0x0000000082000000, 0x0000000100000000)
  region size 1024K, 1 young (1024K), 1 survivors (1024K)
 Metaspace       used 21890K, committed 22272K, reserved 1073152K
  class space    used 2207K, committed 2368K, reserved 1048576K
}
Event: 9.910 GC heap before
{Heap before GC invocations=33 (full 0):
 garbage-first heap   total 55296K, used 40538K [0x0000000082000000, 0x0000000100000000)
  region size 1024K, 32 young (32768K), 1 survivors (1024K)
 Metaspace       used 21890K, committed 22272K, reserved 1073152K
  class space    used 2207K, committed 2368K, reserved 1048576K
}
Event: 9.910 GC heap after
{Heap after GC invocations=34 (full 0):
 garbage-first heap   total 55296K, used 8794K [0x0000000082000000, 0x0000000100000000)
  region size 1024K, 1 young (1024K), 1 survivors (1024K)
 Metaspace       used 21890K, committed 22272K, reserved 1073152K
  class space    used 2207K, committed 2368K, reserved 1048576K
}
Event: 10.030 GC heap before
{Heap before GC invocations=34 (full 0):
 garbage-first heap   total 55296K, used 40538K [0x0000000082000000, 0x0000000100000000)
  region size 1024K, 32 young (32768K), 1 survivors (1024K)
 Metaspace       used 21912K, committed 22272K, reserved 1073152K
  class space    used 2207K, committed 2368K, reserved 1048576K
}
Event: 10.031 GC heap after
{Heap after GC invocations=35 (full 0):
 garbage-first heap   total 55296K, used 8794K [0x0000000082000000, 0x0000000100000000)
  region size 1024K, 1 young (1024K), 1 survivors (1024K)
 Metaspace       used 21912K, committed 22272K, reserved 1073152K
  class space    used 2207K, committed 2368K, reserved 1048576K
}
Event: 10.152 GC heap before
{Heap before GC invocations=35 (full 0):
 garbage-first heap   total 55296K, used 40538K [0x0000000082000000, 0x0000000100000000)
  region size 1024K, 32 young (32768K), 1 survivors (1024K)
 Metaspace       used 21931K, committed 22272K, reserved 1073152K
  class space    used 2207K, committed 2368K, reserved 1048576K
}
Event: 10.153 GC heap after
{Heap after GC invocations=36 (full 0):
 garbage-first heap   total 55296K, used 8794K [0x0000000082000000, 0x0000000100000000)
  region size 1024K, 1 young (1024K), 1 survivors (1024K)
 Metaspace       used 21931K, committed 22272K, reserved 1073152K
  class space    used 2207K, committed 2368K, reserved 1048576K
}
Event: 10.295 GC heap before
{Heap before GC invocations=36 (full 0):
 garbage-first heap   total 55296K, used 40538K [0x0000000082000000, 0x0000000100000000)
  region size 1024K, 32 young (32768K), 1 survivors (1024K)
 Metaspace       used 21942K, committed 22272K, reserved 1073152K
  class space    used 2208K, committed 2368K, reserved 1048576K
}
Event: 10.296 GC heap after
{Heap after GC invocations=37 (full 0):
 garbage-first heap   total 55296K, used 8793K [0x0000000082000000, 0x0000000100000000)
  region size 1024K, 1 young (1024K), 1 survivors (1024K)
 Metaspace       used 21942K, committed 22272K, reserved 1073152K
  class space    used 2208K, committed 2368K, reserved 1048576K
}
Event: 10.482 GC heap before
{Heap before GC invocations=37 (full 0):
 garbage-first heap   total 55296K, used 40537K [0x0000000082000000, 0x0000000100000000)
  region size 1024K, 32 young (32768K), 1 survivors (1024K)
 Metaspace       used 21958K, committed 22336K, reserved 1073152K
  class space    used 2208K, committed 2368K, reserved 1048576K
}
Event: 10.483 GC heap after
{Heap after GC invocations=38 (full 0):
 garbage-first heap   total 55296K, used 8794K [0x0000000082000000, 0x0000000100000000)
  region size 1024K, 1 young (1024K), 1 survivors (1024K)
 Metaspace       used 21958K, committed 22336K, reserved 1073152K
  class space    used 2208K, committed 2368K, reserved 1048576K
}

